
/home/runner/work/exp-volume-estimation-nitk/exp-volume-estimation-nitk/experiment/simulation/js/script.js
     1:10  warning  'navNext' is defined but never used                no-unused-vars
     2:10  warning  'temp' is not defined                              no-undef
     2:20  warning  'temp' is not defined                              no-undef
     2:31  warning  'temp' is not defined                              no-undef
     3:42  warning  'temp' is not defined                              no-undef
     5:5   warning  'simsubscreennum' is not defined                   no-undef
     6:40  warning  'simsubscreennum' is not defined                   no-undef
    25:19  warning  'myInt' is not defined                             no-undef
    29:19  warning  'myInt' is not defined                             no-undef
    32:12  warning  'contents' is defined but never used               no-unused-vars
    37:9   warning  'simsubscreennum' is not defined                   no-undef
    40:7   warning  'myInt' is not defined                             no-undef
    77:13  warning  'simsubscreennum' is not defined                   no-undef
    84:7   warning  'myInt' is not defined                             no-undef
   102:11  warning  'myInt' is not defined                             no-undef
   176:13  warning  'simsubscreennum' is not defined                   no-undef
   189:7   warning  'myInt' is not defined                             no-undef
   228:11  warning  'myInt' is not defined                             no-undef
   258:13  warning  'simsubscreennum' is not defined                   no-undef
   714:13  warning  'simsubscreennum' is not defined                   no-undef
   770:13  warning  'simsubscreennum' is not defined                   no-undef
   798:10  warning  'option2' is defined but never used                no-unused-vars
   820:5   warning  'myInt' is not defined                             no-undef
   835:7   warning  'myInt' is not defined                             no-undef
   850:9   warning  'myInt' is not defined                             no-undef
   863:11  warning  'myInt' is not defined                             no-undef
   876:13  warning  'myInt' is not defined                             no-undef
   889:15  warning  'myInt' is not defined                             no-undef
   902:17  warning  'myInt' is not defined                             no-undef
   915:19  warning  'myInt' is not defined                             no-undef
   928:21  warning  'myInt' is not defined                             no-undef
   941:23  warning  'myInt' is not defined                             no-undef
   953:25  warning  'myInt' is not defined                             no-undef
   966:27  warning  'myInt' is not defined                             no-undef
   979:29  warning  'myInt' is not defined                             no-undef
  1034:10  warning  'option1' is defined but never used                no-unused-vars
  1049:5   warning  'myInt' is not defined                             no-undef
  1062:5   warning  'myInt' is not defined                             no-undef
  1078:7   warning  'myInt' is not defined                             no-undef
  1093:9   warning  'myInt' is not defined                             no-undef
  1107:11  warning  'myInt' is not defined                             no-undef
  1121:13  warning  'myInt' is not defined                             no-undef
  1135:15  warning  'myInt' is not defined                             no-undef
  1149:17  warning  'myInt' is not defined                             no-undef
  1163:19  warning  'myInt' is not defined                             no-undef
  1177:21  warning  'myInt' is not defined                             no-undef
  1191:23  warning  'myInt' is not defined                             no-undef
  1242:10  warning  'hidedialogue' is defined but never used           no-unused-vars
  1246:10  warning  'hidedial2' is defined but never used              no-unused-vars
  1251:10  warning  'setTitle' is defined but never used               no-unused-vars
  1254:10  warning  'check_value' is defined but never used            no-unused-vars
  1319:10  warning  'checkClicked' is defined but never used           no-unused-vars
  1325:10  warning  'checkClicked1' is defined but never used          no-unused-vars
  1332:10  warning  'checkClick' is defined but never used             no-unused-vars
  1332:21  warning  'e' is defined but never used                      no-unused-vars
  1334:7   warning  'img1' is not defined                              no-undef
  1347:5   warning  'y' is defined but never used                      no-unused-vars
  1348:10  warning  'handleFlightSelection' is defined but never used  no-unused-vars
  1394:5   warning  Move function declaration to function body root    no-inner-declarations
  1413:5   warning  Move function declaration to function body root    no-inner-declarations
  1425:10  warning  'move2' is defined but never used                  no-unused-vars
  1432:5   warning  Move function declaration to function body root    no-inner-declarations
  1451:5   warning  Move function declaration to function body root    no-inner-declarations
  1469:5   warning  Move function declaration to function body root    no-inner-declarations
  1488:5   warning  Move function declaration to function body root    no-inner-declarations
  1506:5   warning  Move function declaration to function body root    no-inner-declarations
  1524:5   warning  Move function declaration to function body root    no-inner-declarations
  1536:10  warning  'hidedial1' is defined but never used              no-unused-vars
  1545:5   warning  'data' is already defined                          no-redeclare
  1561:5   warning  'layout' is already defined                        no-redeclare
  1582:10  warning  'plotUsingPlotly1' is defined but never used       no-unused-vars
  1583:3   warning  'Plotly' is not defined                            no-undef
  1585:10  warning  'acre' is defined but never used                   no-unused-vars

✖ 73 problems (0 errors, 73 warnings)

